<?xml version="1.0" encoding="UTF-8"?>
<testsuite name="hu.bme.mit.devops.AppTest" tests="1" skipped="0" failures="0" errors="0" timestamp="2020-09-21T19:51:47" hostname="LEVI-LAPOS" time="0.002">
  <properties/>
  <testcase name="testApp" classname="hu.bme.mit.devops.AppTest" time="0.002"/>
  <system-out><![CDATA[]]></system-out>
  <system-err><![CDATA[]]></system-err>
</testsuite>
